<?xml version="1.0" encoding="UTF-8"?>
<!-- Generated by org.testng.reporters.JUnitReportReporter -->
<testsuite hostname="C6-LAB-082" failures="0" tests="9" name="Magento.TestCases.TC02_CreateNewCustomerAccountPageTest" time="0.002" errors="0" timestamp="2024-11-21T14:24:02 IST" skipped="9">
  <testcase classname="Magento.TestCases.TC02_CreateNewCustomerAccountPageTest" name="createAnAccountPageTitleTest" time="0.000">
    <skipped/>
  </testcase> <!-- createAnAccountPageTitleTest -->
  <testcase classname="Magento.TestCases.TC02_CreateNewCustomerAccountPageTest" name="PersonalInfoTxtTest" time="0.000">
    <skipped/>
  </testcase> <!-- PersonalInfoTxtTest -->
  <testcase classname="Magento.TestCases.TC02_CreateNewCustomerAccountPageTest" name="firstnameTest" time="0.000">
    <skipped/>
  </testcase> <!-- firstnameTest -->
  <testcase classname="Magento.TestCases.TC02_CreateNewCustomerAccountPageTest" name="lastnameTest" time="0.000">
    <skipped/>
  </testcase> <!-- lastnameTest -->
  <testcase classname="Magento.TestCases.TC02_CreateNewCustomerAccountPageTest" name="SignInInformationTxtTest" time="0.001">
    <skipped/>
  </testcase> <!-- SignInInformationTxtTest -->
  <testcase classname="Magento.TestCases.TC02_CreateNewCustomerAccountPageTest" name="EmailTest" time="0.000">
    <skipped/>
  </testcase> <!-- EmailTest -->
  <testcase classname="Magento.TestCases.TC02_CreateNewCustomerAccountPageTest" name="PasswordTest" time="0.001">
    <skipped/>
  </testcase> <!-- PasswordTest -->
  <testcase classname="Magento.TestCases.TC02_CreateNewCustomerAccountPageTest" name="ConfPasswordTest" time="0.000">
    <skipped/>
  </testcase> <!-- ConfPasswordTest -->
  <testcase classname="Magento.TestCases.TC02_CreateNewCustomerAccountPageTest" name="CreateAnAccountButtonTest" time="0.000">
    <skipped/>
  </testcase> <!-- CreateAnAccountButtonTest -->
</testsuite> <!-- Magento.TestCases.TC02_CreateNewCustomerAccountPageTest -->
