<?xml version="1.0" encoding="UTF-8"?>
<!-- Generated by org.testng.reporters.JUnitReportReporter -->
<testsuite hostname="C6-LAB-082" failures="0" tests="8" name="Magento.TestCases.TC03_SignInPageTest" time="0.000" errors="0" timestamp="2024-11-21T14:24:02 IST" skipped="8">
  <testcase classname="Magento.TestCases.TC03_SignInPageTest" name="SignInConfirmationMSGTest" time="0.000">
    <skipped/>
  </testcase> <!-- SignInConfirmationMSGTest -->
  <testcase classname="Magento.TestCases.TC03_SignInPageTest" name="AccInfoTest" time="0.000">
    <skipped/>
  </testcase> <!-- AccInfoTest -->
  <testcase classname="Magento.TestCases.TC03_SignInPageTest" name="ContactInfoTest" time="0.000">
    <skipped/>
  </testcase> <!-- ContactInfoTest -->
  <testcase classname="Magento.TestCases.TC03_SignInPageTest" name="contactDetailsVisibleTest" time="0.000">
    <skipped/>
  </testcase> <!-- contactDetailsVisibleTest -->
  <testcase classname="Magento.TestCases.TC03_SignInPageTest" name="WelcomeUserTest" time="0.000">
    <skipped/>
  </testcase> <!-- WelcomeUserTest -->
  <testcase classname="Magento.TestCases.TC03_SignInPageTest" name="WelcomeUserVisibleTest" time="0.000">
    <skipped/>
  </testcase> <!-- WelcomeUserVisibleTest -->
  <testcase classname="Magento.TestCases.TC03_SignInPageTest" name="SignInbuttondropTest" time="0.000">
    <skipped/>
  </testcase> <!-- SignInbuttondropTest -->
  <testcase classname="Magento.TestCases.TC03_SignInPageTest" name="SignOutclick" time="0.000">
    <skipped/>
  </testcase> <!-- SignOutclick -->
</testsuite> <!-- Magento.TestCases.TC03_SignInPageTest -->
