<?xml version="1.0" encoding="UTF-8"?>
<!-- Generated by org.testng.reporters.JUnitReportReporter -->
<testsuite hostname="C6-LAB-082" failures="0" tests="5" name="TC01_HomePageTest" time="1.683" errors="0" timestamp="2024-11-19T17:30:56 IST" skipped="0">
  <testcase classname="TC01_HomePageTest" name="HomePageTest" time="0.062"/>
  <testcase classname="TC01_HomePageTest" name="HomePageTitleTest" time="0.007"/>
  <testcase classname="TC01_HomePageTest" name="ApplogoTest" time="0.025"/>
  <testcase classname="TC01_HomePageTest" name="NavBarlinksCountTest" time="0.013"/>
  <testcase classname="TC01_HomePageTest" name="CreateanAccountClickTest" time="1.576"/>
</testsuite> <!-- TC01_HomePageTest -->
